<?xml version="1.0" encoding="UTF-8"?>
<!-- Generated by org.testng.reporters.JUnitXMLReporter -->
<testsuite ignored="0" hostname="DESKTOP-9NEQMQ7" failures="0" tests="2" name="Default test" time="27.902" errors="0" timestamp="2023-11-19T12:58:29 WAT">
  <testcase classname="io.cucumber.testng.AbstractTestNGCucumberTests" name="runScenario" time="13.734"/>
  <testcase classname="io.cucumber.testng.AbstractTestNGCucumberTests" name="runScenario" time="12.572"/>
</testsuite> <!-- Default test -->
